<?xml version="1.0" encoding="UTF-8"?>
<!-- Generated by org.testng.reporters.JUnitXMLReporter -->
<testsuite hostname="DESKTOP-LD72JHT" ignored="0" name="Test" tests="4" failures="0" timestamp="07 Feb 2022 18:25:03 GMT" time="5.282" errors="0">
  <testcase name="CheckTitle" time="0.078" classname="com.OrangeHRM.Tests.LoginTest"/>
  <testcase name="ForgetPass" time="0.815" classname="com.OrangeHRM.Tests.LoginTest"/>
  <testcase name="logindetails" time="3.368" classname="com.OrangeHRM.Tests.LoginTest"/>
  <testcase name="logout" time="0.962" classname="com.OrangeHRM.Tests.HomeTest"/>
</testsuite> <!-- Test -->
